<?xml version="1.0" encoding="UTF-8"?>
<w:document xmlns:w="http://schemas.openxmlformats.org/wordprocessingml/2006/main" xmlns:mc="http://schemas.openxmlformats.org/markup-compatibility/2006" xmlns:o="urn:schemas-microsoft-com:office:office" xmlns:r="http://schemas.openxmlformats.org/officeDocument/2006/relationships" xmlns:v="urn:schemas-microsoft-com:vml" xmlns:w10="urn:schemas-microsoft-com:office:word" xmlns:w14="http://schemas.microsoft.com/office/word/2010/wordml" xmlns:wp="http://schemas.openxmlformats.org/drawingml/2006/wordprocessingDrawing" xmlns:wp14="http://schemas.microsoft.com/office/word/2010/wordprocessingDrawing" xmlns:wpg="http://schemas.microsoft.com/office/word/2010/wordprocessingGroup" xmlns:wps="http://schemas.microsoft.com/office/word/2010/wordprocessingShape" mc:Ignorable="w14 wp14">
    <w:body>
        <w:tbl>
            <w:tblPr>
                <w:tblW w:w="10035" w:type="dxa" />
                <w:jc w:val="left" />
                <w:tblInd w:w="0" w:type="dxa" />
                <w:tblBorders />
                <w:tblCellMar>
                    <w:top w:w="0" w:type="dxa" />
                    <w:left w:w="0" w:type="dxa" />
                    <w:bottom w:w="0" w:type="dxa" />
                    <w:right w:w="0" w:type="dxa" />
                </w:tblCellMar>
            </w:tblPr>
            <w:tblGrid>
                <w:gridCol w:w="9810" />
                <w:gridCol w:w="224" />
            </w:tblGrid>
            <w:tr>
                <w:trPr>
                    <w:trHeight w:val="2220" w:hRule="exact" />
                </w:trPr>
                <w:tc>
                    <w:tcPr>
                        <w:tcW w:w="9810" w:type="dxa" />
                        <w:tcBorders />
                        <w:shd w:fill="auto" w:val="clear" />
                    </w:tcPr>
                    <w:p>
                        <w:pPr>
                            <w:pStyle w:val="Normal" />
                            <w:jc w:val="left" />
                            <w:rPr />
                        </w:pPr>
                        <w:r>
                            <w:rPr>
                                <w:rFonts w:ascii="Verdana" w:hAnsi="Verdana" />
                                <w:color w:val="000000" />
                                <w:sz w:val="1" />
                            </w:rPr>
                            <w:t>aa</w:t>
                        </w:r>
                    </w:p>
                </w:tc>
                <w:tc>
                    <w:tcPr>
                        <w:tcW w:w="224" w:type="dxa" />
                        <w:tcBorders />
                        <w:shd w:fill="auto" w:val="clear" />
                    </w:tcPr>
                    <w:p>
                        <w:pPr>
                            <w:pStyle w:val="Normal" />
                            <w:rPr />
                        </w:pPr>
                        <w:r>
                            <w:rPr />
                            <w:t>b</w:t>
                        </w:r>
                    </w:p>
                </w:tc>
            </w:tr>
        </w:tbl>
        <w:p>
            <w:pPr>
                <w:pStyle w:val="Normal" />
                <w:rPr />
            </w:pPr>
            <w:r>
                <w:rPr />
            </w:r>
        </w:p>
        <w:sectPr>
            <w:type w:val="nextPage" />
            <w:pgSz w:w="11906" w:h="16838" />
            <w:pgMar w:left="1137" w:right="590" w:header="0" w:top="2289" w:footer="0" w:bottom="0" w:gutter="0" />
            <w:pgNumType w:fmt="decimal" />
            <w:formProt w:val="false" />
            <w:textDirection w:val="lrTb" />
            <w:docGrid w:type="default" w:linePitch="240" w:charSpace="4294961151" />
        </w:sectPr>
    </w:body>
</w:document>